<?xml version="1.0" encoding="UTF-8"?>
<testsuite name="TaskTest" tests="12" skipped="0" failures="0" errors="0" timestamp="2016-05-10T18:55:43" hostname="epicodus-117.local" time="0.163">
  <properties/>
  <testcase name="save_savesObjectIntoDatabase_true" classname="TaskTest" time="0.013"/>
  <testcase name="equals_returnsTrueIfDescriptionsAretheSame_true" classname="TaskTest" time="0.004"/>
  <testcase name="addCategory_addsCategoryToTask" classname="TaskTest" time="0.023"/>
  <testcase name="getCategories_returnsAllCategories_List" classname="TaskTest" time="0.022"/>
  <testcase name="delete_deletesTask_true" classname="TaskTest" time="0.016"/>
  <testcase name="all_emptyAtFirst_0" classname="TaskTest" time="0.008"/>
  <testcase name="delete_deletesAllTasksAndCategoriesAssociations" classname="TaskTest" time="0.025"/>
  <testcase name="getDescription_taskInstantiatesWithDescription_String" classname="TaskTest" time="0.004"/>
  <testcase name="save_assignsIdToObject_int" classname="TaskTest" time="0.013"/>
  <testcase name="Task_instantiatesCorrectly_true" classname="TaskTest" time="0.004"/>
  <testcase name="find_findsTaskInDatabase_true" classname="TaskTest" time="0.013"/>
  <testcase name="update_updatesTaskDescription_true" classname="TaskTest" time="0.016"/>
  <system-out><![CDATA[]]></system-out>
  <system-err><![CDATA[]]></system-err>
</testsuite>
